-------------------------------------------------------------------------------
Test set: modulos.login.LoginTest
-------------------------------------------------------------------------------
Tests run: 1, Failures: 1, Errors: 0, Skipped: 0, Time elapsed: 7.69 s <<< FAILURE! - in modulos.login.LoginTest
testLoginComSucesso  Time elapsed: 7.339 s  <<< FAILURE!
org.opentest4j.AssertionFailedError: expected: <Usuário> but was: <>
	at modulos.login.LoginTest.testLoginComSucesso(LoginTest.java:20)

