<?xml version="1.0" encoding="UTF-8"?>
<testsuite xmlns:xsi="http://www.w3.org/2001/XMLSchema-instance" xsi:noNamespaceSchemaLocation="https://maven.apache.org/surefire/maven-surefire-plugin/xsd/surefire-test-report.xsd" name="modulos.login.LojinhaTest" time="83.825" tests="11" errors="0" skipped="0" failures="0">
  <properties>
[...]
</properties>
  <testcase name="testAdicionarProdutoComValorValidoDeUmCentavo" classname="modulos.login.LojinhaTest" time="12.858"/>
  <testcase name="testLoginSemSucessoCamposVazios" classname="modulos.login.LojinhaTest" time="5.978"/>
  <testcase name="testLoginSemSucessoUsuarioESenhaIncorreta" classname="modulos.login.LojinhaTest" time="6.575"/>
  <testcase name="testAdicionarProdutoComValorValidoDeSeteMil" classname="modulos.login.LojinhaTest" time="7.841"/>
  <testcase name="testLoginSemSucessoEspacosExtras" classname="modulos.login.LojinhaTest" time="6.591"/>
  <testcase name="testValidaBotaoExclusao" classname="modulos.login.LojinhaTest" time="7.424"/>
  <testcase name="testVisualizarCabecalhoComLogoTextoEBotaoSair" classname="modulos.login.LojinhaTest" time="6.458"/>
  <testcase name="testAdicionarProdutoComComponente" classname="modulos.login.LojinhaTest" time="10.782"/>
  <testcase name="testLoginComSucesso" classname="modulos.login.LojinhaTest" time="6.377"/>
  <testcase name="testLoginSemSucessoSenhaIncorreta" classname="modulos.login.LojinhaTest" time="6.537"/>
  <testcase name="testLoginSemSucessoUsuarioIncorreto" classname="modulos.login.LojinhaTest" time="6.277"/>
</testsuite>